build/app/intermediates/manifest_merge_blame_file/debug/manifest-merger-blame-debug-report.txt
1<?xml version="1.0" encoding="utf-8"?>
2<manifest xmlns:android="http://schemas.android.com/apk/res/android"
3    package="com.example.loginapp"
4    android:versionCode="1"
5    android:versionName="1.0.0" >
6
7    <uses-sdk
8        android:minSdkVersion="16"
9        android:targetSdkVersion="28" />
10    <!--
11         Flutter needs it to communicate with the running application
12         to allow setting breakpoints, to provide hot reload, etc.
13    -->
14    <uses-permission android:name="android.permission.INTERNET" />
14-->src/debug/AndroidManifest.xml:6:5-66
14-->src/debug/AndroidManifest.xml:6:22-64
15    <uses-permission android:name="android.permission.ACCESS_NETWORK_STATE" />
15-->[com.google.firebase:firebase-analytics:11.4.2] AndroidManifest.xml:21:5-78
15-->[com.google.firebase:firebase-analytics:11.4.2] AndroidManifest.xml:21:22-76
16    <uses-permission android:name="android.permission.WAKE_LOCK" />
16-->[com.google.firebase:firebase-analytics:11.4.2] AndroidManifest.xml:22:5-67
16-->[com.google.firebase:firebase-analytics:11.4.2] AndroidManifest.xml:22:22-65
17    <uses-permission android:name="com.google.android.c2dm.permission.RECEIVE" />
17-->[com.google.firebase:firebase-iid:11.4.2] AndroidManifest.xml:22:5-81
17-->[com.google.firebase:firebase-iid:11.4.2] AndroidManifest.xml:22:22-79
18
19    <permission
19-->[com.google.firebase:firebase-iid:11.4.2] AndroidManifest.xml:24:5-109
20        android:name="com.example.loginapp.permission.C2D_MESSAGE"
20-->[com.google.firebase:firebase-iid:11.4.2] AndroidManifest.xml:24:17-71
21        android:protectionLevel="signature" />
21-->[com.google.firebase:firebase-iid:11.4.2] AndroidManifest.xml:24:72-107
22
23    <uses-permission android:name="com.example.loginapp.permission.C2D_MESSAGE" />
23-->[com.google.firebase:firebase-iid:11.4.2] AndroidManifest.xml:26:5-78
23-->[com.google.firebase:firebase-iid:11.4.2] AndroidManifest.xml:26:22-76
24    <!--
25 io.flutter.app.FlutterApplication is an android.app.Application that
26         calls FlutterMain.startInitialization(this); in its onCreate method.
27         In most cases you can leave this as-is, but you if you want to provide
28         additional functionality it is fine to subclass or reimplement
29         FlutterApplication and put your custom class here.
30    -->
31    <application
31-->src/main/AndroidManifest.xml:8:5-29:19
32        android:name="io.flutter.app.FlutterApplication"
32-->src/main/AndroidManifest.xml:9:9-57
33        android:appComponentFactory="androidx.core.app.CoreComponentFactory"
33-->[androidx.core:core:1.0.0] AndroidManifest.xml:22:18-86
34        android:debuggable="true"
35        android:icon="@mipmap/ic_launcher"
35-->src/main/AndroidManifest.xml:11:9-43
36        android:label="loginapp" >
36-->src/main/AndroidManifest.xml:10:9-33
37        <activity
37-->src/main/AndroidManifest.xml:12:9-23:20
38            android:name="com.example.loginapp.MainActivity"
38-->src/main/AndroidManifest.xml:13:13-41
39            android:configChanges="orientation|keyboardHidden|keyboard|screenSize|smallestScreenSize|locale|layoutDirection|fontScale|screenLayout|density|uiMode"
39-->src/main/AndroidManifest.xml:16:13-163
40            android:hardwareAccelerated="true"
40-->src/main/AndroidManifest.xml:17:13-47
41            android:launchMode="singleTop"
41-->src/main/AndroidManifest.xml:14:13-43
42            android:theme="@style/LaunchTheme"
42-->src/main/AndroidManifest.xml:15:13-47
43            android:windowSoftInputMode="adjustResize" >
43-->src/main/AndroidManifest.xml:18:13-55
44            <intent-filter>
44-->src/main/AndroidManifest.xml:19:13-22:29
45                <action android:name="android.intent.action.MAIN" />
45-->src/main/AndroidManifest.xml:20:17-68
45-->src/main/AndroidManifest.xml:20:25-66
46
47                <category android:name="android.intent.category.LAUNCHER" />
47-->src/main/AndroidManifest.xml:21:17-76
47-->src/main/AndroidManifest.xml:21:27-74
48            </intent-filter>
49        </activity>
50        <!--
51             Don't delete the meta-data below.
52             This is used by the Flutter tool to generate GeneratedPluginRegistrant.java
53        -->
54        <meta-data
54-->src/main/AndroidManifest.xml:26:9-28:33
55            android:name="flutterEmbedding"
55-->src/main/AndroidManifest.xml:27:13-44
56            android:value="2" />
56-->src/main/AndroidManifest.xml:28:13-30
57
58        <receiver
58-->[com.google.firebase:firebase-analytics:11.4.2] AndroidManifest.xml:25:7-26:18
59            android:name="com.google.android.gms.measurement.AppMeasurementReceiver"
59-->[com.google.firebase:firebase-analytics:11.4.2] AndroidManifest.xml:25:17-89
60            android:enabled="true"
60-->[com.google.firebase:firebase-analytics:11.4.2] AndroidManifest.xml:25:90-112
61            android:exported="false" >
61-->[com.google.firebase:firebase-analytics:11.4.2] AndroidManifest.xml:25:113-137
62        </receiver>
63        <receiver
63-->[com.google.firebase:firebase-analytics:11.4.2] AndroidManifest.xml:27:7-31:18
64            android:name="com.google.android.gms.measurement.AppMeasurementInstallReferrerReceiver"
64-->[com.google.firebase:firebase-analytics:11.4.2] AndroidManifest.xml:27:17-104
65            android:enabled="true"
65-->[com.google.firebase:firebase-analytics:11.4.2] AndroidManifest.xml:27:162-184
66            android:exported="true"
66-->[com.google.firebase:firebase-analytics:11.4.2] AndroidManifest.xml:27:185-208
67            android:permission="android.permission.INSTALL_PACKAGES" >
67-->[com.google.firebase:firebase-analytics:11.4.2] AndroidManifest.xml:27:105-161
68            <intent-filter>
68-->[com.google.firebase:firebase-analytics:11.4.2] AndroidManifest.xml:28:11-30:27
69                <action android:name="com.android.vending.INSTALL_REFERRER" />
69-->[com.google.firebase:firebase-analytics:11.4.2] AndroidManifest.xml:29:15-76
69-->[com.google.firebase:firebase-analytics:11.4.2] AndroidManifest.xml:29:23-74
70            </intent-filter>
71        </receiver>
72
73        <service
73-->[com.google.firebase:firebase-analytics:11.4.2] AndroidManifest.xml:32:7-137
74            android:name="com.google.android.gms.measurement.AppMeasurementService"
74-->[com.google.firebase:firebase-analytics:11.4.2] AndroidManifest.xml:32:16-87
75            android:enabled="true"
75-->[com.google.firebase:firebase-analytics:11.4.2] AndroidManifest.xml:32:88-110
76            android:exported="false" />
76-->[com.google.firebase:firebase-analytics:11.4.2] AndroidManifest.xml:32:111-135
77        <service
77-->[com.google.firebase:firebase-analytics:11.4.2] AndroidManifest.xml:33:7-197
78            android:name="com.google.android.gms.measurement.AppMeasurementJobService"
78-->[com.google.firebase:firebase-analytics:11.4.2] AndroidManifest.xml:33:16-90
79            android:enabled="true"
79-->[com.google.firebase:firebase-analytics:11.4.2] AndroidManifest.xml:33:148-170
80            android:exported="false"
80-->[com.google.firebase:firebase-analytics:11.4.2] AndroidManifest.xml:33:171-195
81            android:permission="android.permission.BIND_JOB_SERVICE" />
81-->[com.google.firebase:firebase-analytics:11.4.2] AndroidManifest.xml:33:91-147
82
83        <activity
83-->[com.google.firebase:firebase-auth:16.0.2] AndroidManifest.xml:23:9-29:75
84            android:name="com.google.firebase.auth.internal.FederatedSignInActivity"
84-->[com.google.firebase:firebase-auth:16.0.2] AndroidManifest.xml:24:13-85
85            android:excludeFromRecents="true"
85-->[com.google.firebase:firebase-auth:16.0.2] AndroidManifest.xml:25:13-46
86            android:exported="true"
86-->[com.google.firebase:firebase-auth:16.0.2] AndroidManifest.xml:26:13-36
87            android:launchMode="singleInstance"
87-->[com.google.firebase:firebase-auth:16.0.2] AndroidManifest.xml:27:13-48
88            android:permission="com.google.firebase.auth.api.gms.permission.LAUNCH_FEDERATED_SIGN_IN"
88-->[com.google.firebase:firebase-auth:16.0.2] AndroidManifest.xml:28:13-102
89            android:theme="@android:style/Theme.Translucent.NoTitleBar" />
89-->[com.google.firebase:firebase-auth:16.0.2] AndroidManifest.xml:29:13-72
90
91        <service android:name="com.google.firebase.components.ComponentDiscoveryService" >
91-->[com.google.firebase:firebase-auth:16.0.2] AndroidManifest.xml:31:9-35:19
91-->[com.google.firebase:firebase-auth:16.0.2] AndroidManifest.xml:31:18-89
92            <meta-data
92-->[com.google.firebase:firebase-auth:16.0.2] AndroidManifest.xml:32:13-34:85
93                android:name="com.google.firebase.components:com.google.firebase.auth.FirebaseAuthRegistrar"
93-->[com.google.firebase:firebase-auth:16.0.2] AndroidManifest.xml:33:17-109
94                android:value="com.google.firebase.components.ComponentRegistrar" />
94-->[com.google.firebase:firebase-auth:16.0.2] AndroidManifest.xml:34:17-82
95        </service>
96
97        <receiver
97-->[com.google.firebase:firebase-iid:11.4.2] AndroidManifest.xml:30:9-35:20
98            android:name="com.google.firebase.iid.FirebaseInstanceIdReceiver"
98-->[com.google.firebase:firebase-iid:11.4.2] AndroidManifest.xml:30:19-84
99            android:exported="true"
99-->[com.google.firebase:firebase-iid:11.4.2] AndroidManifest.xml:30:85-108
100            android:permission="com.google.android.c2dm.permission.SEND" >
100-->[com.google.firebase:firebase-iid:11.4.2] AndroidManifest.xml:30:109-169
101            <intent-filter>
101-->[com.google.firebase:firebase-iid:11.4.2] AndroidManifest.xml:31:13-34:29
102                <action android:name="com.google.android.c2dm.intent.RECEIVE" />
102-->[com.google.firebase:firebase-iid:11.4.2] AndroidManifest.xml:32:17-80
102-->[com.google.firebase:firebase-iid:11.4.2] AndroidManifest.xml:32:25-78
103
104                <category android:name="com.example.loginapp" />
104-->[com.google.firebase:firebase-iid:11.4.2] AndroidManifest.xml:33:17-60
104-->[com.google.firebase:firebase-iid:11.4.2] AndroidManifest.xml:33:27-58
105            </intent-filter>
106        </receiver>
107        <!--
108 Internal (not exported) receiver used by the app to start its own exported services
109             without risk of being spoofed.
110        -->
111        <receiver
111-->[com.google.firebase:firebase-iid:11.4.2] AndroidManifest.xml:39:9-119
112            android:name="com.google.firebase.iid.FirebaseInstanceIdInternalReceiver"
112-->[com.google.firebase:firebase-iid:11.4.2] AndroidManifest.xml:39:19-92
113            android:exported="false" />
113-->[com.google.firebase:firebase-iid:11.4.2] AndroidManifest.xml:39:93-117
114        <!--
115 FirebaseInstanceIdService performs security checks at runtime,
116             no need for explicit permissions despite exported="true"
117        -->
118        <service
118-->[com.google.firebase:firebase-iid:11.4.2] AndroidManifest.xml:43:9-47:19
119            android:name="com.google.firebase.iid.FirebaseInstanceIdService"
119-->[com.google.firebase:firebase-iid:11.4.2] AndroidManifest.xml:43:18-82
120            android:exported="true" >
120-->[com.google.firebase:firebase-iid:11.4.2] AndroidManifest.xml:43:83-106
121            <intent-filter android:priority="-500" >
121-->[com.google.firebase:firebase-iid:11.4.2] AndroidManifest.xml:44:13-46:29
121-->[com.google.firebase:firebase-iid:11.4.2] AndroidManifest.xml:44:28-51
122                <action android:name="com.google.firebase.INSTANCE_ID_EVENT" />
122-->[com.google.firebase:firebase-iid:11.4.2] AndroidManifest.xml:45:17-79
122-->[com.google.firebase:firebase-iid:11.4.2] AndroidManifest.xml:45:25-77
123            </intent-filter>
124        </service>
125
126        <provider
126-->[com.google.firebase:firebase-common:16.0.0] AndroidManifest.xml:9:9-13:39
127            android:name="com.google.firebase.provider.FirebaseInitProvider"
127-->[com.google.firebase:firebase-common:16.0.0] AndroidManifest.xml:10:13-77
128            android:authorities="com.example.loginapp.firebaseinitprovider"
128-->[com.google.firebase:firebase-common:16.0.0] AndroidManifest.xml:11:13-72
129            android:exported="false"
129-->[com.google.firebase:firebase-common:16.0.0] AndroidManifest.xml:12:13-37
130            android:initOrder="100" />
130-->[com.google.firebase:firebase-common:16.0.0] AndroidManifest.xml:13:13-36
131
132        <activity
132-->[com.google.android.gms:play-services-base:15.0.1] AndroidManifest.xml:23:9-26:75
133            android:name="com.google.android.gms.common.api.GoogleApiActivity"
133-->[com.google.android.gms:play-services-base:15.0.1] AndroidManifest.xml:24:13-79
134            android:exported="false"
134-->[com.google.android.gms:play-services-base:15.0.1] AndroidManifest.xml:25:13-37
135            android:theme="@android:style/Theme.Translucent.NoTitleBar" />
135-->[com.google.android.gms:play-services-base:15.0.1] AndroidManifest.xml:26:13-72
136
137        <meta-data
137-->[com.google.android.gms:play-services-basement:15.0.1] AndroidManifest.xml:23:9-25:69
138            android:name="com.google.android.gms.version"
138-->[com.google.android.gms:play-services-basement:15.0.1] AndroidManifest.xml:24:13-58
139            android:value="@integer/google_play_services_version" />
139-->[com.google.android.gms:play-services-basement:15.0.1] AndroidManifest.xml:25:13-66
140    </application>
141
142</manifest>